  2.0标识符命名规则.cpp
  2.1整型.cpp
  2.2sizeof关键字.cpp
  2.3浮点型（实型）.cpp
  2.4字符型.cpp
  2.5转义字符.cpp
  2.6字符串型.cpp
C:\Users\ych\Desktop\Hello World\Hello World\2.6字符串型.cpp(3,10): warning C4067: 预处理器指令后有意外标记 - 应输入换行符
  2.7布尔类型.cpp
  2.8数据输入.cpp
  3.0运算符-加减乘除.cpp
  3.1取模运算.cpp
  3.2递增递减运算符.cpp
  3.3赋值.cpp
  3.4比较运算符.cpp
  3.5逻辑运算符.cpp
  4.0选择型结构if单行.cpp
  4.1选择性结构if多行.cpp
  4.2选择结构if多条件语句.cpp
  4.3三只小猪称体重.cpp
  4.4三目运算符.cpp
  正在生成代码...
  正在编译...
  4.5switch语句.cpp
  4.6.4.for循环.cpp
  4.6.5敲桌子练习.cpp
  4.6.6嵌套循环.cpp
  4.6.7乘法口诀表练习.cpp
  4.6循环结构.cpp
  4..6.2猜字游戏.cpp
  4.6.3练习水仙花数.cpp
  4.6.1dowhile.cpp
  4.7.1continue语句.cpp
  4.7.2.cpp
  4.7跳转语句.cpp
  5.0数组定义方式.cpp
  5.1.1数组练习.cpp
  5.1.2冒泡排序.cpp
  5.1一维数组-数组名.cpp
  5.2.1二维数组名.cpp
  5.2.2考试成绩练习.cpp
  5.2二维数组定义.cpp
  6.0函数.cpp
  正在生成代码...
  正在编译...
  6.1函数调用.cpp
  6.2值传递.cpp
  6.3函数常见样式.cpp
  6.4函数声明.cpp
  6.5函数的分文件编写.cpp
  7.1指针所占用内存空间大小.cpp
  7.指针定义.cpp
  Helloworld.cpp
  swap.cpp
  宏常量.cpp
  正在生成代码...
  Hello World.vcxproj -> C:\Users\ych\Desktop\Hello World\x64\Debug\Hello World.exe
