c:\users\ych\desktop\hello world\hello world\debug\vc142.pdb
c:\users\ych\desktop\hello world\hello world\debug\vc142.idb
c:\users\ych\desktop\hello world\hello world\debug\4.4三目运算符.obj
c:\users\ych\desktop\hello world\hello world\debug\4.3三只小猪称体重.obj
c:\users\ych\desktop\hello world\hello world\debug\4.2选择结构if多条件语句.obj
c:\users\ych\desktop\hello world\hello world\debug\4.1选择性结构if多行.obj
c:\users\ych\desktop\hello world\hello world\debug\4.0选择型结构if单行.obj
c:\users\ych\desktop\hello world\hello world\debug\3.5逻辑运算符.obj
c:\users\ych\desktop\hello world\hello world\debug\3.4比较运算符.obj
c:\users\ych\desktop\hello world\hello world\debug\3.3赋值.obj
c:\users\ych\desktop\hello world\hello world\debug\3.2递增递减运算符.obj
c:\users\ych\desktop\hello world\hello world\debug\3.1取模运算.obj
c:\users\ych\desktop\hello world\hello world\debug\3.0运算符-加减乘除.obj
c:\users\ych\desktop\hello world\hello world\debug\2.8数据输入.obj
c:\users\ych\desktop\hello world\hello world\debug\2.7布尔类型.obj
c:\users\ych\desktop\hello world\hello world\debug\2.6字符串型.obj
c:\users\ych\desktop\hello world\hello world\debug\2.5转义字符.obj
c:\users\ych\desktop\hello world\hello world\debug\2.4字符型.obj
c:\users\ych\desktop\hello world\hello world\debug\2.3浮点型（实型）.obj
c:\users\ych\desktop\hello world\hello world\debug\2.2sizeof关键字.obj
c:\users\ych\desktop\hello world\hello world\debug\2.1整型.obj
c:\users\ych\desktop\hello world\hello world\debug\2.0标识符命名规则.obj
c:\users\ych\desktop\hello world\hello world\debug\宏常量.obj
c:\users\ych\desktop\hello world\hello world\debug\helloworld.obj
c:\users\ych\desktop\hello world\hello world\debug\4.6.1dowhile.obj
c:\users\ych\desktop\hello world\hello world\debug\4.6.3练习水仙花数.obj
c:\users\ych\desktop\hello world\hello world\debug\4..6.2猜字游戏.obj
c:\users\ych\desktop\hello world\hello world\debug\4.6循环结构.obj
c:\users\ych\desktop\hello world\hello world\debug\4.6.5敲桌子练习.obj
c:\users\ych\desktop\hello world\hello world\debug\4.6.4.for循环.obj
c:\users\ych\desktop\hello world\hello world\debug\4.5switch语句.obj
c:\users\ych\desktop\hello world\hello world\debug\4.6.6嵌套循环.obj
c:\users\ych\desktop\hello world\hello world\debug\4.6.7乘法口诀表练习.obj
c:\users\ych\desktop\hello world\hello world\debug\4.7跳转语句.obj
c:\users\ych\desktop\hello world\hello world\debug\4.7.1continue语句.obj
c:\users\ych\desktop\hello world\hello world\debug\4.7.2.obj
c:\users\ych\desktop\hello world\hello world\debug\5.0数组定义方式.obj
c:\users\ych\desktop\hello world\hello world\debug\5.1一维数组-数组名.obj
c:\users\ych\desktop\hello world\hello world\debug\5.1.1数组练习.obj
c:\users\ych\desktop\hello world\hello world\debug\5.2二维数组定义.obj
c:\users\ych\desktop\hello world\hello world\debug\5.1.2冒泡排序.obj
c:\users\ych\desktop\hello world\hello world\debug\5.2.1二维数组名.obj
c:\users\ych\desktop\hello world\hello world\debug\5.2.2考试成绩练习.obj
c:\users\ych\desktop\hello world\hello world\debug\6.0函数.obj
c:\users\ych\desktop\hello world\hello world\debug\6.1函数调用.obj
c:\users\ych\desktop\hello world\hello world\debug\6.2值传递.obj
c:\users\ych\desktop\hello world\hello world\debug\6.3函数常见样式.obj
c:\users\ych\desktop\hello world\hello world\debug\6.4函数声明.obj
c:\users\ych\desktop\hello world\hello world\debug\swap.obj
c:\users\ych\desktop\hello world\hello world\debug\6.5函数的分文件编写.obj
c:\users\ych\desktop\hello world\hello world\debug\7.1指针所占用内存空间大小.obj
c:\users\ych\desktop\hello world\hello world\debug\7.指针定义.obj
c:\users\ych\desktop\hello world\debug\hello world.exe
c:\users\ych\desktop\hello world\hello world\debug\hello world.ilk
c:\users\ych\desktop\hello world\debug\hello world.pdb
c:\users\ych\desktop\hello world\hello world\debug\test.obj
c:\users\ych\desktop\hello world\hello world\debug\5.0数组定义方式.obj.enc
c:\users\ych\desktop\hello world\hello world\debug\hello world.tlog\cl.command.1.tlog
c:\users\ych\desktop\hello world\hello world\debug\hello world.tlog\cl.read.1.tlog
c:\users\ych\desktop\hello world\hello world\debug\hello world.tlog\cl.write.1.tlog
c:\users\ych\desktop\hello world\hello world\debug\hello world.tlog\link.command.1.tlog
c:\users\ych\desktop\hello world\hello world\debug\hello world.tlog\link.read.1.tlog
c:\users\ych\desktop\hello world\hello world\debug\hello world.tlog\link.write.1.tlog
